commit 7d3d2ad2791aedfd65b6a5196725aea8302f8d2f
Author: jonhy <1211680@isep.ipp.pt>
Date:   Wed May 17 18:51:45 2023 +0100

    pag cliente 1

commit ed50fdbcf4cfe455a30ffd8469a5bd7b2bb29491
Author: jonhy <1211680@isep.ipp.pt>
Date:   Thu Mar 24 10:53:46 2022 +0000

    Adição da função multip

commit d4185e8d16b6805f7dd22e2067687c3dc60eaa7f
Author: jonhy <1211680@isep.ipp.pt>
Date:   Thu Mar 24 09:36:39 2022 +0000

    Novo ficheiro no branch!

commit b07c968c0f6378c4ed47b49c5caf2c62a2a6dba5
Author: jonhy <1211680@isep.ipp.pt>
Date:   Thu Mar 24 09:34:23 2022 +0000

    ola2

commit 12a545571cc090c9aec73857bab0f4a2330ce491
Author: jonhy <1211680@isep.ipp.pt>
Date:   Thu Mar 24 09:18:30 2022 +0000

    Ola
