commit 42c213fa0c988efdc6c48e1ed96d0b63d53844b1
Author: therealteixeira <1210671@isep.ipp.pt>
Date:   Fri May 26 17:14:38 2023 +0100

    Mudanças face ao html e css do login2.html e signup.html
    -apresentação de header com logotipo e botão
    -apresentação de footer com a informação das empresas
    -atualização das paginas responsivas para tudo ser responsivo à mudança de janela

commit fc38bf61fc4775f069d451133b653df655cb1fb1
Author: therealteixeira <1210671@isep.ipp.pt>
Date:   Wed May 24 18:37:23 2023 +0100

    Adição de três páginas html
    
    -signup.html
    -login2.html
    -vistachefe.html
    
    com as aplicações web responsivas
    
    Falta alterações do header e footer com base no teste.html

commit b2b2195d168373b0a45df43362d871af1006bbdc
Author: therealteixeira <1210671@isep.ipp.pt>
Date:   Wed May 24 18:34:59 2023 +0100

    18h35

commit 62ea43d604e6292025bc57e48b16dfc4f6a934bc
Author: EduZas <133895452+EduZas@users.noreply.github.com>
Date:   Wed May 24 17:57:52 2023 +0100

    Add files via upload

commit dce407aaa4e0e8b609129285f3175a0589979317
Author: therealteixeira <1210671@isep.ipp.pt>
Date:   Wed May 24 17:00:08 2023 +0100

    17h00

commit ef341911372c0ba69c1248105e839ee088b974a1
Author: JonhyKrazyYolo <132482550+JonhyKrazyYolo@users.noreply.github.com>
Date:   Wed May 17 18:55:24 2023 +0100

    Add files via upload

commit 60ba64eef19e9edeff8f3d02b46b6525ad8b68b7
Author: therealteixeira <132482000+therealteixeira@users.noreply.github.com>
Date:   Wed May 3 17:02:34 2023 +0100

    Initial commit
